[debug] [2023-04-03T15:53:10.020Z] ----------------------------------------------------------------------
[debug] [2023-04-03T15:53:10.023Z] Command:       C:\Program Files\nodejs\node.exe C:\Users\Rocky Islam\AppData\Roaming\npm\node_modules\firebase-tools\lib\bin\firebase.js init
[debug] [2023-04-03T15:53:10.024Z] CLI Version:   11.25.1
[debug] [2023-04-03T15:53:10.025Z] Platform:      win32
[debug] [2023-04-03T15:53:10.025Z] Node Version:  v16.15.1
[debug] [2023-04-03T15:53:10.026Z] Time:          Mon Apr 03 2023 21:53:10 GMT+0600 (Bangladesh Standard Time)
[debug] [2023-04-03T15:53:10.027Z] ----------------------------------------------------------------------
[debug] 
[debug] [2023-04-03T15:53:10.040Z] > command requires scopes: ["email","openid","https://www.googleapis.com/auth/cloudplatformprojects.readonly","https://www.googleapis.com/auth/firebase","https://www.googleapis.com/auth/cloud-platform"]
[debug] [2023-04-03T15:53:10.042Z] > authorizing via signed-in user (rkrocky2018@gmail.com)
[info] 
     ######## #### ########  ######## ########     ###     ######  ########
     ##        ##  ##     ## ##       ##     ##  ##   ##  ##       ##
     ######    ##  ########  ######   ########  #########  ######  ######
     ##        ##  ##    ##  ##       ##     ## ##     ##       ## ##
     ##       #### ##     ## ######## ########  ##     ##  ######  ########

You're about to initialize a Firebase project in this directory:

  D:\Intern\clound-flare

[info] 
=== Project Setup
[info] 
[info] First, let's associate this project directory with a Firebase project.
[info] You can create multiple project aliases by running firebase use --add, 
[info] but for now we'll just set up a default project.
[info] 
[debug] [2023-04-03T15:53:18.707Z] >>> [apiv2][query] GET https://firebase.googleapis.com/v1beta1/projects pageSize=100
[debug] [2023-04-03T15:53:19.759Z] <<< [apiv2][status] GET https://firebase.googleapis.com/v1beta1/projects 200
[debug] [2023-04-03T15:53:19.759Z] <<< [apiv2][body] GET https://firebase.googleapis.com/v1beta1/projects [omitted]
